<?xml version="1.0" encoding="UTF-8"?>
<testng-results skipped="0" failed="1" total="2" passed="1">
  <reporter-output>
  </reporter-output>
  <suite name="Default suite" duration-ms="298530" started-at="2019-01-24T23:00:06Z" finished-at="2019-01-24T23:05:04Z">
    <groups>
    </groups>
    <test name="Default test" duration-ms="298530" started-at="2019-01-24T23:00:06Z" finished-at="2019-01-24T23:05:04Z">
      <class name="com.info.TestRunner.TestRunner">
        <test-method status="PASS" signature="Reportsetup()" name="Reportsetup" is-config="true" duration-ms="1977" started-at="2019-01-24T23:00:04Z" finished-at="2019-01-24T23:00:06Z">
        </test-method>
        <test-method status="PASS" signature="setUp()" name="setUp" is-config="true" duration-ms="31517" started-at="2019-01-24T23:00:06Z" finished-at="2019-01-24T23:00:37Z">
        </test-method>
        <test-method status="FAIL" signature="LaunchApplichation()" name="LaunchApplichation" duration-ms="89643" started-at="2019-01-24T23:00:37Z" finished-at="2019-01-24T23:02:07Z">
          <exception class="java.lang.AssertionError">
            <message>
              <![CDATA[expected:<true> but was:<false>]]>
            </message>
            <full-stacktrace>
              <![CDATA[java.lang.AssertionError: expected:<true> but was:<false>
	at org.testng.Assert.fail(Assert.java:89)
	at org.testng.Assert.failNotEquals(Assert.java:489)
	at org.testng.Assert.assertTrue(Assert.java:37)
	at org.testng.Assert.assertTrue(Assert.java:47)
	at com.info.TestRunner.TestRunner.LaunchApplichation(TestRunner.java:39)
	at sun.reflect.NativeMethodAccessorImpl.invoke0(Native Method)
	at sun.reflect.NativeMethodAccessorImpl.invoke(NativeMethodAccessorImpl.java:62)
	at sun.reflect.DelegatingMethodAccessorImpl.invoke(DelegatingMethodAccessorImpl.java:43)
	at java.lang.reflect.Method.invoke(Method.java:498)
	at org.testng.internal.MethodInvocationHelper.invokeMethod(MethodInvocationHelper.java:80)
	at org.testng.internal.Invoker.invokeMethod(Invoker.java:673)
	at org.testng.internal.Invoker.invokeTestMethod(Invoker.java:842)
	at org.testng.internal.Invoker.invokeTestMethods(Invoker.java:1166)
	at org.testng.internal.TestMethodWorker.invokeTestMethods(TestMethodWorker.java:125)
	at org.testng.internal.TestMethodWorker.run(TestMethodWorker.java:109)
	at org.testng.TestRunner.runWorkers(TestRunner.java:1178)
	at org.testng.TestRunner.privateRun(TestRunner.java:757)
	at org.testng.TestRunner.run(TestRunner.java:608)
	at org.testng.SuiteRunner.runTest(SuiteRunner.java:334)
	at org.testng.SuiteRunner.runSequentially(SuiteRunner.java:329)
	at org.testng.SuiteRunner.privateRun(SuiteRunner.java:291)
	at org.testng.SuiteRunner.run(SuiteRunner.java:240)
	at org.testng.SuiteRunnerWorker.runSuite(SuiteRunnerWorker.java:52)
	at org.testng.SuiteRunnerWorker.run(SuiteRunnerWorker.java:86)
	at org.testng.TestNG.runSuitesSequentially(TestNG.java:1158)
	at org.testng.TestNG.runSuitesLocally(TestNG.java:1083)
	at org.testng.TestNG.run(TestNG.java:999)
	at org.testng.remote.AbstractRemoteTestNG.run(AbstractRemoteTestNG.java:132)
	at org.testng.remote.RemoteTestNG.initAndRun(RemoteTestNG.java:230)
	at org.testng.remote.RemoteTestNG.main(RemoteTestNG.java:76)
]]>
            </full-stacktrace>
          </exception>
        </test-method>
        <test-method status="PASS" signature="printReport(org.testng.ITestResult)" name="printReport" is-config="true" duration-ms="1492" started-at="2019-01-24T23:02:07Z" finished-at="2019-01-24T23:02:08Z">
          <params>
            <param index="0">
              <value>
                <![CDATA[[TestResult: LaunchApplichation STATUS:FAILURE METHOD:com.info.TestRunner.TestRunner.LaunchApplichation()]
]]>
              </value>
            </param>
          </params>
        </test-method>
        <test-method status="PASS" signature="toValidate_post_Requirment_Page(java.lang.String, java.lang.String, java.lang.String, java.lang.String, java.lang.String, java.lang.String, java.lang.String, java.lang.String, java.lang.String)" name="toValidate_post_Requirment_Page" duration-ms="160201" started-at="2019-01-24T23:02:21Z" finished-at="2019-01-24T23:05:02Z">
          <params>
            <param index="0">
              <value>
                <![CDATA[Residensial]]>
              </value>
            </param>
            <param index="1">
              <value>
                <![CDATA[Mumbai]]>
              </value>
            </param>
            <param index="2">
              <value>
                <![CDATA[1200]]>
              </value>
            </param>
            <param index="3">
              <value>
                <![CDATA[1400]]>
              </value>
            </param>
            <param index="4">
              <value>
                <![CDATA[Sachin]]>
              </value>
            </param>
            <param index="5">
              <value>
                <![CDATA[pravin@gmail.com]]>
              </value>
            </param>
            <param index="6">
              <value>
                <![CDATA[DDLA@2017]]>
              </value>
            </param>
            <param index="7">
              <value>
                <![CDATA[9857854512]]>
              </value>
            </param>
            <param index="8">
              <value>
                <![CDATA[Y]]>
              </value>
            </param>
          </params>
        </test-method>
        <test-method status="PASS" signature="printReport(org.testng.ITestResult)" name="printReport" is-config="true" duration-ms="1334" started-at="2019-01-24T23:05:02Z" finished-at="2019-01-24T23:05:03Z">
          <params>
            <param index="0">
              <value>
                <![CDATA[[TestResult: toValidate_post_Requirment_Page STATUS:SUCCESS METHOD:com.info.TestRunner.TestRunner.toValidate_post_Requirment_Page(java.lang.String, java.lang.String, java.lang.String, java.lang.String, java.lang.String, java.lang.String, java.lang.String, java.lang.String, java.lang.String)]
]]>
              </value>
            </param>
          </params>
        </test-method>
        <test-method status="PASS" signature="cleanUp()" name="cleanUp" is-config="true" duration-ms="1" started-at="2019-01-24T23:05:03Z" finished-at="2019-01-24T23:05:03Z">
        </test-method>
        <test-method status="PASS" signature="endTest()" name="endTest" is-config="true" duration-ms="1164" started-at="2019-01-24T23:05:03Z" finished-at="2019-01-24T23:05:04Z">
        </test-method>
      </class>
    </test>
  </suite>
</testng-results>
